This is pdfTeX, Version 3.14159265-2.6-1.40.20 (MiKTeX 2.9.7140 64-bit) (preloaded format=pdflatex 2020.1.11)  12 JAN 2020 02:33
entering extended mode
**"d:/Nicolas/Facultad/Trabajo de graduacion/DocumentacionZMGestion/Informe Final/Documentacion.tex"
("d:/Nicolas/Facultad/Trabajo de graduacion/DocumentacionZMGestion/Informe Final/Documentacion.tex"
LaTeX2e <2018-12-01>
("C:\Program Files\MiKTeX 2.9\tex/latex/base\book.cls"
Document Class: book 2018/09/03 v1.4i Standard LaTeX document class
("C:\Program Files\MiKTeX 2.9\tex/latex/base\bk10.clo"
File: bk10.clo 2018/09/03 v1.4i Standard LaTeX file (size option)
)
\c@part=\count80
\c@chapter=\count81
\c@section=\count82
\c@subsection=\count83
\c@subsubsection=\count84
\c@paragraph=\count85
\c@subparagraph=\count86
\c@figure=\count87
\c@table=\count88
\abovecaptionskip=\skip41
\belowcaptionskip=\skip42
\bibindent=\dimen102
) ("C:\Program Files\MiKTeX 2.9\tex/latex/geometry\geometry.sty"
Package: geometry 2018/04/16 v5.8 Page Geometry
 ("C:\Program Files\MiKTeX 2.9\tex/latex/graphics\keyval.sty"
Package: keyval 2014/10/28 v1.15 key=value parser (DPC)
\KV@toks@=\toks14
) ("C:\Program Files\MiKTeX 2.9\tex/generic/oberdiek\ifpdf.sty"
Package: ifpdf 2018/09/07 v3.3 Provides the ifpdf switch
) ("C:\Program Files\MiKTeX 2.9\tex/generic/oberdiek\ifvtex.sty"
Package: ifvtex 2016/05/16 v1.6 Detect VTeX and its facilities (HO)
Package ifvtex Info: VTeX not detected.
) ("C:\Program Files\MiKTeX 2.9\tex/generic/ifxetex\ifxetex.sty"
Package: ifxetex 2010/09/12 v0.6 Provides ifxetex conditional
)
\Gm@cnth=\count89
\Gm@cntv=\count90
\c@Gm@tempcnt=\count91
\Gm@bindingoffset=\dimen103
\Gm@wd@mp=\dimen104
\Gm@odd@mp=\dimen105
\Gm@even@mp=\dimen106
\Gm@layoutwidth=\dimen107
\Gm@layoutheight=\dimen108
\Gm@layouthoffset=\dimen109
\Gm@layoutvoffset=\dimen110
\Gm@dimlist=\toks15
 ("C:\Program Files\MiKTeX 2.9\tex/latex/geometry\geometry.cfg")) ("C:\Program Files\MiKTeX 2.9\tex/generic/babel\babel.sty"
Package: babel 2019/07/19 3.33 The Babel package
 ("C:\Program Files\MiKTeX 2.9\tex/generic/babel\switch.def"
File: switch.def 2019/07/19 3.33 Babel switching mechanism
)
*************************************
* Local config file bblopts.cfg used
*
("C:\Program Files\MiKTeX 2.9\tex/latex/arabi\bblopts.cfg"
File: bblopts.cfg 2005/09/08 v0.1 add Arabic and Farsi to "declared" options of babel
) ("C:\Program Files\MiKTeX 2.9\tex/latex/babel-spanish\spanish.ldf"
Language: spanish.ldf 2016/03/03 v5.0p Spanish support from the babel system
 ("C:\Program Files\MiKTeX 2.9\tex/generic/babel\babel.def"
File: babel.def 2019/07/19 3.33 Babel common definitions
\babel@savecnt=\count92
\U@D=\dimen111
 ("C:\Program Files\MiKTeX 2.9\tex/generic/babel\txtbabel.def")
\bbl@dirlevel=\count93
)
\es@quottoks=\toks16
\es@quotdepth=\count94
Package babel Info: Making " an active character on input line 561.
Package babel Info: Making . an active character on input line 662.
Package babel Info: Making < an active character on input line 707.
Package babel Info: Making > an active character on input line 707.
)) ("C:\Program Files\MiKTeX 2.9\tex/latex/base\inputenc.sty"
Package: inputenc 2018/08/11 v1.3c Input encoding file
\inpenc@prehook=\toks17
\inpenc@posthook=\toks18
) ("C:\Program Files\MiKTeX 2.9\tex/latex/base\fontenc.sty"
Package: fontenc 2018/08/11 v2.0j Standard LaTeX package
 ("C:\Program Files\MiKTeX 2.9\tex/latex/base\t1enc.def"
File: t1enc.def 2018/08/11 v2.0j Standard LaTeX file
LaTeX Font Info:    Redeclaring font encoding T1 on input line 48.
)) ("C:\Program Files\MiKTeX 2.9\tex/latex/graphics\graphicx.sty"
Package: graphicx 2017/06/01 v1.1a Enhanced LaTeX Graphics (DPC,SPQR)
 ("C:\Program Files\MiKTeX 2.9\tex/latex/graphics\graphics.sty"
Package: graphics 2017/06/25 v1.2c Standard LaTeX Graphics (DPC,SPQR)
 ("C:\Program Files\MiKTeX 2.9\tex/latex/graphics\trig.sty"
Package: trig 2016/01/03 v1.10 sin cos tan (DPC)
) ("C:\Program Files\MiKTeX 2.9\tex/latex/graphics-cfg\graphics.cfg"
File: graphics.cfg 2016/06/04 v1.11 sample graphics configuration
)
Package graphics Info: Driver file: pdftex.def on input line 99.
 ("C:\Program Files\MiKTeX 2.9\tex/latex/graphics-def\pdftex.def"
File: pdftex.def 2018/01/08 v1.0l Graphics/color driver for pdftex
))
\Gin@req@height=\dimen112
\Gin@req@width=\dimen113
) ("C:\Program Files\MiKTeX 2.9\tex/latex/fancyhdr\fancyhdr.sty"
Package: fancyhdr 2019/01/31 v3.10 Extensive control of page headers and footers
\f@nch@headwidth=\skip43
\f@nch@O@elh=\skip44
\f@nch@O@erh=\skip45
\f@nch@O@olh=\skip46
\f@nch@O@orh=\skip47
\f@nch@O@elf=\skip48
\f@nch@O@erf=\skip49
\f@nch@O@olf=\skip50
\f@nch@O@orf=\skip51
) ("C:\Program Files\MiKTeX 2.9\tex/latex/titlesec\titlesec.sty"
Package: titlesec 2019/10/16 v2.13 Sectioning titles
\ttl@box=\box27
\beforetitleunit=\skip52
\aftertitleunit=\skip53
\ttl@plus=\dimen114
\ttl@minus=\dimen115
\ttl@toksa=\toks19
\titlewidth=\dimen116
\titlewidthlast=\dimen117
\titlewidthfirst=\dimen118
) ("C:\Program Files\MiKTeX 2.9\tex/latex/hyphenat\hyphenat.sty"
Package: hyphenat 2009/09/02 v2.3c hyphenation utilities
\langwohyphens=\language82
LaTeX Info: Redefining \_ on input line 43.
) ("C:\Program Files\MiKTeX 2.9\tex/latex/hyperref\hyperref.sty"
Package: hyperref 2019/06/12 v6.88h Hypertext links for LaTeX
 ("C:\Program Files\MiKTeX 2.9\tex/generic/oberdiek\hobsub-hyperref.sty"
Package: hobsub-hyperref 2016/05/16 v1.14 Bundle oberdiek, subset hyperref (HO)
 ("C:\Program Files\MiKTeX 2.9\tex/generic/oberdiek\hobsub-generic.sty"
Package: hobsub-generic 2016/05/16 v1.14 Bundle oberdiek, subset generic (HO)
Package: hobsub 2016/05/16 v1.14 Construct package bundles (HO)
Package: infwarerr 2016/05/16 v1.4 Providing info/warning/error messages (HO)
Package: ltxcmds 2016/05/16 v1.23 LaTeX kernel commands for general use (HO)
Package: ifluatex 2016/05/16 v1.4 Provides the ifluatex switch (HO)
Package ifluatex Info: LuaTeX not detected.
Package hobsub Info: Skipping package `ifvtex' (already loaded).
Package: intcalc 2016/05/16 v1.2 Expandable calculations with integers (HO)
Package hobsub Info: Skipping package `ifpdf' (already loaded).
Package: etexcmds 2016/05/16 v1.6 Avoid name clashes with e-TeX commands (HO)
Package: kvsetkeys 2016/05/16 v1.17 Key value parser (HO)
Package: kvdefinekeys 2016/05/16 v1.4 Define keys (HO)
Package: pdftexcmds 2019/07/25 v0.30 Utility functions of pdfTeX for LuaTeX (HO)
Package pdftexcmds Info: LuaTeX not detected.
Package pdftexcmds Info: \pdf@primitive is available.
Package pdftexcmds Info: \pdf@ifprimitive is available.
Package pdftexcmds Info: \pdfdraftmode found.
Package: pdfescape 2016/05/16 v1.14 Implements pdfTeX's escape features (HO)
Package: bigintcalc 2016/05/16 v1.4 Expandable calculations on big integers (HO)
Package: bitset 2016/05/16 v1.2 Handle bit-vector datatype (HO)
Package: uniquecounter 2016/05/16 v1.3 Provide unlimited unique counter (HO)
)
Package hobsub Info: Skipping package `hobsub' (already loaded).
Package: letltxmacro 2016/05/16 v1.5 Let assignment for LaTeX macros (HO)
Package: hopatch 2016/05/16 v1.3 Wrapper for package hooks (HO)
Package: xcolor-patch 2016/05/16 xcolor patch
Package: atveryend 2016/05/16 v1.9 Hooks at the very end of document (HO)
Package atveryend Info: \enddocument detected (standard20110627).
Package: atbegshi 2016/06/09 v1.18 At begin shipout hook (HO)
Package: refcount 2016/05/16 v3.5 Data extraction from label references (HO)
Package: hycolor 2016/05/16 v1.8 Color options for hyperref/bookmark (HO)
) ("C:\Program Files\MiKTeX 2.9\tex/latex/oberdiek\auxhook.sty"
Package: auxhook 2016/05/16 v1.4 Hooks for auxiliary files (HO)
) ("C:\Program Files\MiKTeX 2.9\tex/latex/oberdiek\kvoptions.sty"
Package: kvoptions 2016/05/16 v3.12 Key value format for package options (HO)
)
\@linkdim=\dimen119
\Hy@linkcounter=\count95
\Hy@pagecounter=\count96
 ("C:\Program Files\MiKTeX 2.9\tex/latex/hyperref\pd1enc.def"
File: pd1enc.def 2019/06/12 v6.88h Hyperref: PDFDocEncoding definition (HO)
Now handling font encoding PD1 ...
... no UTF-8 mapping file for font encoding PD1
)
\Hy@SavedSpaceFactor=\count97
 ("C:\Program Files\MiKTeX 2.9\tex/latex/00miktex\hyperref.cfg"
File: hyperref.cfg 2002/06/06 v1.2 hyperref configuration of TeXLive
)
Package hyperref Info: Option `pageanchor' set `true' on input line 4424.
Package hyperref Info: Option `plainpages' set `false' on input line 4424.
Package hyperref Info: Option `pdfpagelabels' set `true' on input line 4424.
Package hyperref Info: Option `hypertexnames' set `false' on input line 4424.
Package hyperref Info: Option `unicode' set `true' on input line 4424.
 ("C:\Program Files\MiKTeX 2.9\tex/latex/hyperref\puenc.def"
File: puenc.def 2019/06/12 v6.88h Hyperref: PDF Unicode definition (HO)
Now handling font encoding PU ...
... no UTF-8 mapping file for font encoding PU
)
Package hyperref Info: Hyper figures OFF on input line 4550.
Package hyperref Info: Link nesting OFF on input line 4555.
Package hyperref Info: Hyper index ON on input line 4558.
Package hyperref Info: Plain pages OFF on input line 4565.
Package hyperref Info: Backreferencing OFF on input line 4570.
Package hyperref Info: Implicit mode ON; LaTeX internals redefined.
Package hyperref Info: Bookmarks ON on input line 4803.
\c@Hy@tempcnt=\count98
 ("C:\Program Files\MiKTeX 2.9\tex/latex/url\url.sty"
\Urlmuskip=\muskip10
Package: url 2013/09/16  ver 3.4  Verb mode for urls, etc.
)
LaTeX Info: Redefining \url on input line 5156.
\XeTeXLinkMargin=\dimen120
\Fld@menulength=\count99
\Field@Width=\dimen121
\Fld@charsize=\dimen122
Package hyperref Info: Hyper figures OFF on input line 6411.
Package hyperref Info: Link nesting OFF on input line 6416.
Package hyperref Info: Hyper index ON on input line 6419.
Package hyperref Info: backreferencing OFF on input line 6426.
Package hyperref Info: Link coloring OFF on input line 6431.
Package hyperref Info: Link coloring with OCG OFF on input line 6436.
Package hyperref Info: PDF/A mode OFF on input line 6441.
LaTeX Info: Redefining \ref on input line 6481.
LaTeX Info: Redefining \pageref on input line 6485.
\Hy@abspage=\count100
\c@Item=\count101
\c@Hfootnote=\count102
)
Package hyperref Info: Driver (autodetected): hpdftex.
 ("C:\Program Files\MiKTeX 2.9\tex/latex/hyperref\hpdftex.def"
File: hpdftex.def 2019/06/12 v6.88h Hyperref driver for pdfTeX
\Fld@listcount=\count103
\c@bookmark@seq@number=\count104
 ("C:\Program Files\MiKTeX 2.9\tex/latex/oberdiek\rerunfilecheck.sty"
Package: rerunfilecheck 2016/05/16 v1.8 Rerun checks for auxiliary files (HO)
Package uniquecounter Info: New unique counter `rerunfilecheck' on input line 282.
)
\Hy@SectionHShift=\skip54
) ("C:\Program Files\MiKTeX 2.9\tex/latex/wrapfig\wrapfig.sty"
\wrapoverhang=\dimen123
\WF@size=\dimen124
\c@WF@wrappedlines=\count105
\WF@box=\box28
\WF@everypar=\toks20
Package: wrapfig 2003/01/31  v 3.6
) ("C:\Program Files\MiKTeX 2.9\tex/latex/graphics\lscape.sty"
Package: lscape 2000/10/22 v3.01 Landscape Pages (DPC)
) ("C:\Program Files\MiKTeX 2.9\tex/latex/graphics\rotating.sty"
Package: rotating 2016/08/11 v2.16d rotated objects in LaTeX
 ("C:\Program Files\MiKTeX 2.9\tex/latex/base\ifthen.sty"
Package: ifthen 2014/09/29 v1.1c Standard LaTeX ifthen package (DPC)
)
\c@r@tfl@t=\count106
\rotFPtop=\skip55
\rotFPbot=\skip56
\rot@float@box=\box29
\rot@mess@toks=\toks21
) ("C:\Program Files\MiKTeX 2.9\tex/latex/oberdiek\epstopdf.sty"
Package: epstopdf 2016/05/15 v2.6 Conversion with epstopdf on the fly (HO)
 ("C:\Program Files\MiKTeX 2.9\tex/latex/oberdiek\epstopdf-base.sty"
Package: epstopdf-base 2016/05/15 v2.6 Base part for package epstopdf
 ("C:\Program Files\MiKTeX 2.9\tex/latex/oberdiek\grfext.sty"
Package: grfext 2016/05/16 v1.2 Manage graphics extensions (HO)
)
Package epstopdf-base Info: Redefining graphics rule for `.eps' on input line 438.
Package grfext Info: Graphics extension search list:
(grfext)             [.png,.jpg,.eps]
(grfext)             \AppendGraphicsExtensions on input line 456.
)) ("C:\Program Files\MiKTeX 2.9\tex/latex/multirow\multirow.sty"
Package: multirow 2019/05/31 v2.5 Span multiple rows of a table
\multirow@colwidth=\skip57
\multirow@cntb=\count107
\multirow@dima=\skip58
\bigstrutjot=\dimen125
) ("C:\Program Files\MiKTeX 2.9\tex/latex/tools\array.sty"
Package: array 2018/12/30 v2.4k Tabular extension package (FMi)
\col@sep=\dimen126
\ar@mcellbox=\box30
\extrarowheight=\dimen127
\NC@list=\toks22
\extratabsurround=\skip59
\backup@length=\skip60
\ar@cellbox=\box31
) ("C:\Program Files\MiKTeX 2.9\tex/latex/tools\longtable.sty"
Package: longtable 2014/10/28 v4.11 Multi-page Table package (DPC)+ FMi change
\LTleft=\skip61
\LTright=\skip62
\LTpre=\skip63
\LTpost=\skip64
\LTchunksize=\count108
\LTcapwidth=\dimen128
\LT@head=\box32
\LT@firsthead=\box33
\LT@foot=\box34
\LT@lastfoot=\box35
\LT@cols=\count109
\LT@rows=\count110
\c@LT@tables=\count111
\c@LT@chunks=\count112
\LT@p@ftn=\toks23
) ("C:\Program Files\MiKTeX 2.9\tex/latex/float\float.sty"
Package: float 2001/11/08 v1.3d Float enhancements (AL)
\c@float@type=\count113
\float@exts=\toks24
\float@box=\box36
\@float@everytoks=\toks25
\@floatcapt=\box37
) ("C:\Program Files\MiKTeX 2.9\tex/latex/xcolor\xcolor.sty"
Package: xcolor 2016/05/11 v2.12 LaTeX color extensions (UK)
 ("C:\Program Files\MiKTeX 2.9\tex/latex/graphics-cfg\color.cfg"
File: color.cfg 2016/01/02 v1.6 sample color configuration
)
Package xcolor Info: Driver file: pdftex.def on input line 225.
 ("C:\Program Files\MiKTeX 2.9\tex/latex/colortbl\colortbl.sty"
Package: colortbl 2018/12/12 v1.0d Color table columns (DPC)
\everycr=\toks26
\minrowclearance=\skip65
)
\rownum=\count114
Package xcolor Info: Model `cmy' substituted by `cmy0' on input line 1348.
Package xcolor Info: Model `hsb' substituted by `rgb' on input line 1352.
Package xcolor Info: Model `RGB' extended on input line 1364.
Package xcolor Info: Model `HTML' substituted by `rgb' on input line 1366.
Package xcolor Info: Model `Hsb' substituted by `hsb' on input line 1367.
Package xcolor Info: Model `tHsb' substituted by `hsb' on input line 1368.
Package xcolor Info: Model `HSB' substituted by `hsb' on input line 1369.
Package xcolor Info: Model `Gray' substituted by `gray' on input line 1370.
Package xcolor Info: Model `wave' substituted by `hsb' on input line 1371.
) ("C:\Program Files\MiKTeX 2.9\tex/latex/textgreek\textgreek.sty"
Package: textgreek 2011/10/09 v0.7 Greek symbols in text
Package textgreek Info: Loading the definitions for the Greek fontencoding. on input line 39.
 ("C:\Program Files\MiKTeX 2.9\tex/latex/greek-fontenc\lgrenc.def"
File: lgrenc.def 2019/07/09 v0.13.3 LGR Greek font encoding definitions
Now handling font encoding LGR ...
... no UTF-8 mapping file for font encoding LGR
 ("C:\Program Files\MiKTeX 2.9\tex/latex/greek-fontenc\greek-fontenc.def"
File: greek-fontenc.def 2015/08/04 v0.13.4 Common Greek font encoding definitions
))
Package textgreek Info: Loaded fontmap: {phv/*/*}{U/psy/*/*} {*/bx/n}{U/eur/b/n} {*/b/n}{U/eur/b/n} {*/*/n}{U/eur/m/n} {*/*/it}{OML/*/*/*}. on input line 69.
) ("C:\Program Files\MiKTeX 2.9\tex/latex/makecell\makecell.sty"
Package: makecell 2009/08/03 V0.1e Managing of Tab Column Heads and Cells
\rotheadsize=\dimen129
\c@nlinenum=\count115
\TeXr@lab=\toks27
) ("C:\Program Files\MiKTeX 2.9\tex/latex/caption\caption.sty"
Package: caption 2020/01/03 v3.4h Customizing captions (AR)
 ("C:\Program Files\MiKTeX 2.9\tex/latex/caption\caption3.sty"
Package: caption3 2020/01/03 v1.8h caption3 kernel (AR)
Package caption3 Info: TeX engine: e-TeX on input line 61.
\captionmargin=\dimen130
\captionmargin@=\dimen131
\captionwidth=\dimen132
\caption@tempdima=\dimen133
\caption@indent=\dimen134
\caption@parindent=\dimen135
\caption@hangindent=\dimen136
Package caption Info: Standard document class detected.
)
\c@caption@flags=\count116
\c@continuedfloat=\count117
Package caption Info: float package is loaded.
Package caption Info: hyperref package is loaded.
Package caption Info: longtable package is loaded.
 ("C:\Program Files\MiKTeX 2.9\tex/latex/caption\ltcaption.sty"
Package: ltcaption 2018/08/26 v1.4a longtable captions (AR)
)
Package caption Info: rotating package is loaded.
Package caption Info: wrapfig package is loaded.
) ("d:/Nicolas\Facultad\Trabajo de graduacion\DocumentacionZMGestion\Informe Final\comandos.tex"
\c@caseUseCounter=\count118
)
\c@rownumbers=\count119
\c@beginAlternative=\count120
 ("C:\Program Files\MiKTeX 2.9\tex/latex/tools\multicol.sty"
Package: multicol 2018/12/27 v1.8v multicolumn formatting (FMi)
\c@tracingmulticols=\count121
\mult@box=\box38
\multicol@leftmargin=\dimen137
\c@unbalance=\count122
\c@collectmore=\count123
\doublecol@number=\count124
\multicoltolerance=\count125
\multicolpretolerance=\count126
\full@width=\dimen138
\page@free=\dimen139
\premulticols=\dimen140
\postmulticols=\dimen141
\multicolsep=\skip66
\multicolbaselineskip=\skip67
\partial@page=\box39
\last@line=\box40
\maxbalancingoverflow=\dimen142
\mult@rightbox=\box41
\mult@grightbox=\box42
\mult@gfirstbox=\box43
\mult@firstbox=\box44
\@tempa=\box45
\@tempa=\box46
\@tempa=\box47
\@tempa=\box48
\@tempa=\box49
\@tempa=\box50
\@tempa=\box51
\@tempa=\box52
\@tempa=\box53
\@tempa=\box54
\@tempa=\box55
\@tempa=\box56
\@tempa=\box57
\@tempa=\box58
\@tempa=\box59
\@tempa=\box60
\@tempa=\box61
\c@columnbadness=\count127
\c@finalcolumnbadness=\count128
\last@try=\dimen143
\multicolovershoot=\dimen144
\multicolundershoot=\dimen145
\mult@nat@firstbox=\box62
\colbreak@box=\box63
\mc@col@check@num=\count129
) ("d:/Nicolas\Facultad\Trabajo de graduacion\DocumentacionZMGestion\Informe Final\Documentacion.aux"
LaTeX Info: Redefining \. on input line 23.
LaTeX Info: Redefining \% on input line 23.
)
\openout1 = `Documentacion.aux'.

LaTeX Font Info:    Checking defaults for OML/cmm/m/it on input line 95.
LaTeX Font Info:    ... okay on input line 95.
LaTeX Font Info:    Checking defaults for T1/cmr/m/n on input line 95.
LaTeX Font Info:    ... okay on input line 95.
LaTeX Font Info:    Checking defaults for OT1/cmr/m/n on input line 95.
LaTeX Font Info:    ... okay on input line 95.
LaTeX Font Info:    Checking defaults for OMS/cmsy/m/n on input line 95.
LaTeX Font Info:    ... okay on input line 95.
LaTeX Font Info:    Checking defaults for OMX/cmex/m/n on input line 95.
LaTeX Font Info:    ... okay on input line 95.
LaTeX Font Info:    Checking defaults for U/cmr/m/n on input line 95.
LaTeX Font Info:    ... okay on input line 95.
LaTeX Font Info:    Checking defaults for PD1/pdf/m/n on input line 95.
LaTeX Font Info:    ... okay on input line 95.
LaTeX Font Info:    Checking defaults for PU/pdf/m/n on input line 95.
LaTeX Font Info:    ... okay on input line 95.
LaTeX Font Info:    Checking defaults for LGR/cmr/m/n on input line 95.
LaTeX Font Info:    Try loading font information for LGR+cmr on input line 95.
 ("C:\Program Files\MiKTeX 2.9\tex/latex/cbfonts-fd\lgrcmr.fd"
File: lgrcmr.fd 2017/07/29 v1.2 Greek European Computer Regular
)
LaTeX Font Info:    ... okay on input line 95.

*geometry* driver: auto-detecting
*geometry* detected driver: pdftex
*geometry* verbose mode - [ preamble ] result:
* driver: pdftex
* paper: a4paper
* layout: <same size as paper>
* layoutoffset:(h,v)=(0.0pt,0.0pt)
* modes: 
* h-part:(L,W,R)=(90.19518pt, 417.11752pt, 90.19518pt)
* v-part:(T,H,B)=(72.2698pt, 700.50723pt, 72.2698pt)
* \paperwidth=597.50787pt
* \paperheight=845.04684pt
* \textwidth=417.11752pt
* \textheight=700.50723pt
* \oddsidemargin=17.92519pt
* \evensidemargin=17.92519pt
* \topmargin=-30.06767pt
* \headheight=12.0pt
* \headsep=18.06749pt
* \topskip=10.0pt
* \footskip=25.29494pt
* \marginparwidth=61.0pt
* \marginparsep=7.0pt
* \columnsep=10.0pt
* \skip\footins=9.0pt plus 4.0pt minus 2.0pt
* \hoffset=0.0pt
* \voffset=0.0pt
* \mag=1000
* \@twocolumnfalse
* \@twosidefalse
* \@mparswitchfalse
* \@reversemarginfalse
* (1in=72.27pt=25.4mm, 1cm=28.453pt)

LaTeX Info: Redefining \. on input line 95.
LaTeX Info: Redefining \% on input line 95.
("C:\Program Files\MiKTeX 2.9\tex/context/base/mkii\supp-pdf.mkii"
[Loading MPS to PDF converter (version 2006.09.02).]
\scratchcounter=\count130
\scratchdimen=\dimen146
\scratchbox=\box64
\nofMPsegments=\count131
\nofMParguments=\count132
\everyMPshowfont=\toks28
\MPscratchCnt=\count133
\MPscratchDim=\dimen147
\MPnumerator=\count134
\makeMPintoPDFobject=\count135
\everyMPtoPDFconversion=\toks29
)
\AtBeginShipoutBox=\box65
Package hyperref Info: Link coloring OFF on input line 95.
 ("C:\Program Files\MiKTeX 2.9\tex/latex/hyperref\nameref.sty"
Package: nameref 2016/05/21 v2.44 Cross-referencing by name of section
 ("C:\Program Files\MiKTeX 2.9\tex/generic/oberdiek\gettitlestring.sty"
Package: gettitlestring 2016/05/16 v1.5 Cleanup title references (HO)
)
\c@section@level=\count136
)
LaTeX Info: Redefining \ref on input line 95.
LaTeX Info: Redefining \pageref on input line 95.
LaTeX Info: Redefining \nameref on input line 95.
 ("d:/Nicolas\Facultad\Trabajo de graduacion\DocumentacionZMGestion\Informe Final\Documentacion.out") ("d:/Nicolas\Facultad\Trabajo de graduacion\DocumentacionZMGestion\Informe Final\Documentacion.out")
\@outlinefile=\write3
\openout3 = `Documentacion.out'.

Package caption Info: Begin \AtBeginDocument code.
Package caption Info: End \AtBeginDocument code.
 [1


{C:/Users/JuanDomingo/AppData/Local/MiKTeX/2.9/pdftex/config/pdftex.map}] ("d:/Nicolas\Facultad\Trabajo de graduacion\DocumentacionZMGestion\Informe Final\Agradecimientos.tex") ("d:/Nicolas\Facultad\Trabajo de graduacion\DocumentacionZMGestion\Informe Final\Dedicatorias.tex" [2

]) [3

] ("d:/Nicolas\Facultad\Trabajo de graduacion\DocumentacionZMGestion\Informe Final\Documentacion.toc"
LaTeX Info: Redefining \. on input line 1.
LaTeX Info: Redefining \% on input line 1.
LaTeX Font Info:    External font `cmex10' loaded for size
(Font)              <7> on input line 11.
LaTeX Font Info:    External font `cmex10' loaded for size
(Font)              <5> on input line 11.
)
\tf@toc=\write4
\openout4 = `Documentacion.toc'.

 ("d:/Nicolas\Facultad\Trabajo de graduacion\DocumentacionZMGestion\Informe Final\Capitulo1.tex" [4

]
Cap\'{\i }tulo 1.
) ("d:/Nicolas\Facultad\Trabajo de graduacion\DocumentacionZMGestion\Informe Final\Capitulo2.tex" [5

]
Cap\'{\i }tulo 2.
("d:/Nicolas\Facultad\Trabajo de graduacion\DocumentacionZMGestion\Informe Final\Capitulos/Capitulo2/cap2sec1.tex" [6

]
LaTeX Info: Redefining \. on input line 57.
LaTeX Info: Redefining \% on input line 57.
 [7]
LaTeX Info: Redefining \. on input line 71.
LaTeX Info: Redefining \% on input line 71.
 [8]
LaTeX Info: Redefining \. on input line 93.
LaTeX Info: Redefining \% on input line 93.
 [9]
LaTeX Info: Redefining \. on input line 124.
LaTeX Info: Redefining \% on input line 124.
 [10]
LaTeX Info: Redefining \. on input line 153.
LaTeX Info: Redefining \% on input line 153.
 [11]
LaTeX Info: Redefining \. on input line 182.
LaTeX Info: Redefining \% on input line 182.
 [12])) ("d:/Nicolas\Facultad\Trabajo de graduacion\DocumentacionZMGestion\Informe Final\Capitulo3.tex"
LaTeX Info: Redefining \. on input line 1.
LaTeX Info: Redefining \% on input line 1.
 [13]
Cap\'{\i }tulo 3.
) ("d:/Nicolas\Facultad\Trabajo de graduacion\DocumentacionZMGestion\Informe Final\Capitulo4.tex" [14

]
Cap\'{\i }tulo 4.
("d:/Nicolas\Facultad\Trabajo de graduacion\DocumentacionZMGestion\Informe Final\Capitulos/Capitulo4/cap4sec1.tex"
<Imagenes/ModeladoDeCasosDeUso/DiagramaDeCasosDeUso/DiagramaContexto.png, id=285, 549.05125pt x 250.9375pt>
File: Imagenes/ModeladoDeCasosDeUso/DiagramaDeCasosDeUso/DiagramaContexto.png Graphic file (type png)
<use Imagenes/ModeladoDeCasosDeUso/DiagramaDeCasosDeUso/DiagramaContexto.png>
Package pdftex.def Info: Imagenes/ModeladoDeCasosDeUso/DiagramaDeCasosDeUso/DiagramaContexto.png  used on input line 13.
(pdftex.def)             Requested size: 417.12411pt x 190.64172pt.
<Imagenes/ModeladoDeCasosDeUso/DiagramaDeCasosDeUso/DiagramaSubsistema.png, id=286, 737.75626pt x 1569.865pt>
File: Imagenes/ModeladoDeCasosDeUso/DiagramaDeCasosDeUso/DiagramaSubsistema.png Graphic file (type png)
<use Imagenes/ModeladoDeCasosDeUso/DiagramaDeCasosDeUso/DiagramaSubsistema.png>
Package pdftex.def Info: Imagenes/ModeladoDeCasosDeUso/DiagramaDeCasosDeUso/DiagramaSubsistema.png  used on input line 20.
(pdftex.def)             Requested size: 296.27928pt x 630.45007pt.
 [15

 <d:/Nicolas/Facultad/Trabajo de graduacion/DocumentacionZMGestion/Informe Final/Imagenes/ModeladoDeCasosDeUso/DiagramaDeCasosDeUso/DiagramaContexto.png (PNG copy)>]
LaTeX Info: Redefining \. on input line 29.
LaTeX Info: Redefining \% on input line 29.
 [16 <d:/Nicolas/Facultad/Trabajo de graduacion/DocumentacionZMGestion/Informe Final/Imagenes/ModeladoDeCasosDeUso/DiagramaDeCasosDeUso/DiagramaSubsistema.png (PNG copy)>]
LaTeX Font Info:    Try loading font information for OMS+cmr on input line 29.
 ("C:\Program Files\MiKTeX 2.9\tex/latex/base\omscmr.fd"
File: omscmr.fd 2014/09/29 v2.5h Standard LaTeX font definitions
)
LaTeX Font Info:    Font shape `OMS/cmr/m/n' in size <10> not available
(Font)              Font shape `OMS/cmsy/m/n' tried instead on input line 29.
LaTeX Info: Redefining \. on input line 214.
LaTeX Info: Redefining \% on input line 214.
 [17]
<Imagenes/ModeladoDeCasosDeUso/DiagramaDeCasosDeUso/Sesiones.png, id=308, 468.75125pt x 407.5225pt>
File: Imagenes/ModeladoDeCasosDeUso/DiagramaDeCasosDeUso/Sesiones.png Graphic file (type png)
<use Imagenes/ModeladoDeCasosDeUso/DiagramaDeCasosDeUso/Sesiones.png>
Package pdftex.def Info: Imagenes/ModeladoDeCasosDeUso/DiagramaDeCasosDeUso/Sesiones.png  used on input line 235.
(pdftex.def)             Requested size: 241.72787pt x 210.15314pt.
<Imagenes/ModeladoDeCasosDeUso/DiagramaDeCasosDeUso/GestionEmpleados.png, id=309, 1059.96pt x 380.42125pt>
File: Imagenes/ModeladoDeCasosDeUso/DiagramaDeCasosDeUso/GestionEmpleados.png Graphic file (type png)
<use Imagenes/ModeladoDeCasosDeUso/DiagramaDeCasosDeUso/GestionEmpleados.png>
Package pdftex.def Info: Imagenes/ModeladoDeCasosDeUso/DiagramaDeCasosDeUso/GestionEmpleados.png  used on input line 241.
(pdftex.def)             Requested size: 417.11885pt x 149.70457pt.
<Imagenes/ModeladoDeCasosDeUso/DiagramaDeCasosDeUso/GestionRoles.png, id=310, 904.37875pt x 222.8325pt>
File: Imagenes/ModeladoDeCasosDeUso/DiagramaDeCasosDeUso/GestionRoles.png Graphic file (type png)
<use Imagenes/ModeladoDeCasosDeUso/DiagramaDeCasosDeUso/GestionRoles.png>
Package pdftex.def Info: Imagenes/ModeladoDeCasosDeUso/DiagramaDeCasosDeUso/GestionRoles.png  used on input line 247.
(pdftex.def)             Requested size: 417.10945pt x 102.7728pt.
<Imagenes/ModeladoDeCasosDeUso/DiagramaDeCasosDeUso/GestionProductos.png, id=311, 1047.915pt x 575.14874pt>
File: Imagenes/ModeladoDeCasosDeUso/DiagramaDeCasosDeUso/GestionProductos.png Graphic file (type png)
<use Imagenes/ModeladoDeCasosDeUso/DiagramaDeCasosDeUso/GestionProductos.png>
Package pdftex.def Info: Imagenes/ModeladoDeCasosDeUso/DiagramaDeCasosDeUso/GestionProductos.png  used on input line 253.
(pdftex.def)             Requested size: 417.11186pt x 228.93208pt.
LaTeX Info: Redefining \. on input line 256.
LaTeX Info: Redefining \% on input line 256.
 [18 <d:/Nicolas/Facultad/Trabajo de graduacion/DocumentacionZMGestion/Informe Final/Imagenes/ModeladoDeCasosDeUso/DiagramaDeCasosDeUso/Sesiones.png (PNG copy)> <d:/Nicolas/Facultad/Trabajo de graduacion/DocumentacionZMGestion/Informe Final/Imagenes/ModeladoDeCasosDeUso/DiagramaDeCasosDeUso/GestionEmpleados.png (PNG copy)>]
<Imagenes/ModeladoDeCasosDeUso/DiagramaDeCasosDeUso/GestionTelas.png, id=318, 923.45pt x 553.06625pt>
File: Imagenes/ModeladoDeCasosDeUso/DiagramaDeCasosDeUso/GestionTelas.png Graphic file (type png)
<use Imagenes/ModeladoDeCasosDeUso/DiagramaDeCasosDeUso/GestionTelas.png>
Package pdftex.def Info: Imagenes/ModeladoDeCasosDeUso/DiagramaDeCasosDeUso/GestionTelas.png  used on input line 259.
(pdftex.def)             Requested size: 417.11272pt x 249.81425pt.
<Imagenes/ModeladoDeCasosDeUso/DiagramaDeCasosDeUso/GestionProductosFinales.png, id=319, 955.57pt x 498.86375pt>
File: Imagenes/ModeladoDeCasosDeUso/DiagramaDeCasosDeUso/GestionProductosFinales.png Graphic file (type png)
<use Imagenes/ModeladoDeCasosDeUso/DiagramaDeCasosDeUso/GestionProductosFinales.png>
Package pdftex.def Info: Imagenes/ModeladoDeCasosDeUso/DiagramaDeCasosDeUso/GestionProductosFinales.png  used on input line 265.
(pdftex.def)             Requested size: 417.1131pt x 217.75757pt.
<Imagenes/ModeladoDeCasosDeUso/DiagramaDeCasosDeUso/GestionGruposProducto.png, id=320, 1093.08376pt x 595.22375pt>
File: Imagenes/ModeladoDeCasosDeUso/DiagramaDeCasosDeUso/GestionGruposProducto.png Graphic file (type png)
<use Imagenes/ModeladoDeCasosDeUso/DiagramaDeCasosDeUso/GestionGruposProducto.png>
Package pdftex.def Info: Imagenes/ModeladoDeCasosDeUso/DiagramaDeCasosDeUso/GestionGruposProducto.png  used on input line 271.
(pdftex.def)             Requested size: 417.11076pt x 227.13194pt.
LaTeX Info: Redefining \. on input line 274.
LaTeX Info: Redefining \% on input line 274.
 [19 <d:/Nicolas/Facultad/Trabajo de graduacion/DocumentacionZMGestion/Informe Final/Imagenes/ModeladoDeCasosDeUso/DiagramaDeCasosDeUso/GestionRoles.png (PNG copy)> <d:/Nicolas/Facultad/Trabajo de graduacion/DocumentacionZMGestion/Informe Final/Imagenes/ModeladoDeCasosDeUso/DiagramaDeCasosDeUso/GestionProductos.png (PNG copy)> <d:/Nicolas/Facultad/Trabajo de graduacion/DocumentacionZMGestion/Informe Final/Imagenes/ModeladoDeCasosDeUso/DiagramaDeCasosDeUso/GestionTelas.png (PNG copy)>]
<Imagenes/ModeladoDeCasosDeUso/DiagramaDeCasosDeUso/GestionUbicaciones.png, id=329, 994.71625pt x 564.1075pt>
File: Imagenes/ModeladoDeCasosDeUso/DiagramaDeCasosDeUso/GestionUbicaciones.png Graphic file (type png)
<use Imagenes/ModeladoDeCasosDeUso/DiagramaDeCasosDeUso/GestionUbicaciones.png>
Package pdftex.def Info: Imagenes/ModeladoDeCasosDeUso/DiagramaDeCasosDeUso/GestionUbicaciones.png  used on input line 277.
(pdftex.def)             Requested size: 417.12532pt x 236.5534pt.
<Imagenes/ModeladoDeCasosDeUso/DiagramaDeCasosDeUso/GestionClientes.png, id=330, 857.2025pt x 465.74pt>
File: Imagenes/ModeladoDeCasosDeUso/DiagramaDeCasosDeUso/GestionClientes.png Graphic file (type png)
<use Imagenes/ModeladoDeCasosDeUso/DiagramaDeCasosDeUso/GestionClientes.png>
Package pdftex.def Info: Imagenes/ModeladoDeCasosDeUso/DiagramaDeCasosDeUso/GestionClientes.png  used on input line 283.
(pdftex.def)             Requested size: 417.1161pt x 226.62982pt.
LaTeX Info: Redefining \. on input line 286.
LaTeX Info: Redefining \% on input line 286.
 [20 <d:/Nicolas/Facultad/Trabajo de graduacion/DocumentacionZMGestion/Informe Final/Imagenes/ModeladoDeCasosDeUso/DiagramaDeCasosDeUso/GestionProductosFinales.png (PNG copy)> <d:/Nicolas/Facultad/Trabajo de graduacion/DocumentacionZMGestion/Informe Final/Imagenes/ModeladoDeCasosDeUso/DiagramaDeCasosDeUso/GestionGruposProducto.png (PNG copy)>]
<Imagenes/ModeladoDeCasosDeUso/DiagramaDeCasosDeUso/GestionPresupuestos.png, id=337, 1459.4525pt x 700.6175pt>
File: Imagenes/ModeladoDeCasosDeUso/DiagramaDeCasosDeUso/GestionPresupuestos.png Graphic file (type png)
<use Imagenes/ModeladoDeCasosDeUso/DiagramaDeCasosDeUso/GestionPresupuestos.png>
Package pdftex.def Info: Imagenes/ModeladoDeCasosDeUso/DiagramaDeCasosDeUso/GestionPresupuestos.png  used on input line 289.
(pdftex.def)             Requested size: 417.10631pt x 200.23396pt.
<Imagenes/ModeladoDeCasosDeUso/DiagramaDeCasosDeUso/GestionLineasPresupuesto.png, id=338, 719.68875pt x 327.2225pt>
File: Imagenes/ModeladoDeCasosDeUso/DiagramaDeCasosDeUso/GestionLineasPresupuesto.png Graphic file (type png)
<use Imagenes/ModeladoDeCasosDeUso/DiagramaDeCasosDeUso/GestionLineasPresupuesto.png>
Package pdftex.def Info: Imagenes/ModeladoDeCasosDeUso/DiagramaDeCasosDeUso/GestionLineasPresupuesto.png  used on input line 295.
(pdftex.def)             Requested size: 417.13425pt x 189.65936pt.
LaTeX Info: Redefining \. on input line 298.
LaTeX Info: Redefining \% on input line 298.
 [21 <d:/Nicolas/Facultad/Trabajo de graduacion/DocumentacionZMGestion/Informe Final/Imagenes/ModeladoDeCasosDeUso/DiagramaDeCasosDeUso/GestionUbicaciones.png (PNG copy)> <d:/Nicolas/Facultad/Trabajo de graduacion/DocumentacionZMGestion/Informe Final/Imagenes/ModeladoDeCasosDeUso/DiagramaDeCasosDeUso/GestionClientes.png (PNG copy)>]
<Imagenes/ModeladoDeCasosDeUso/DiagramaDeCasosDeUso/GestionVentas.png, id=345, 1388.18625pt x 539.01375pt>
File: Imagenes/ModeladoDeCasosDeUso/DiagramaDeCasosDeUso/GestionVentas.png Graphic file (type png)
<use Imagenes/ModeladoDeCasosDeUso/DiagramaDeCasosDeUso/GestionVentas.png>
Package pdftex.def Info: Imagenes/ModeladoDeCasosDeUso/DiagramaDeCasosDeUso/GestionVentas.png  used on input line 301.
(pdftex.def)             Requested size: 417.11574pt x 161.96033pt.
<Imagenes/ModeladoDeCasosDeUso/DiagramaDeCasosDeUso/GestionLineasVenta.png, id=346, 678.535pt x 304.13625pt>
File: Imagenes/ModeladoDeCasosDeUso/DiagramaDeCasosDeUso/GestionLineasVenta.png Graphic file (type png)
<use Imagenes/ModeladoDeCasosDeUso/DiagramaDeCasosDeUso/GestionLineasVenta.png>
Package pdftex.def Info: Imagenes/ModeladoDeCasosDeUso/DiagramaDeCasosDeUso/GestionLineasVenta.png  used on input line 307.
(pdftex.def)             Requested size: 417.11536pt x 186.96146pt.
<Imagenes/ModeladoDeCasosDeUso/DiagramaDeCasosDeUso/GestionFacturas.png, id=347, 863.225pt x 545.03625pt>
File: Imagenes/ModeladoDeCasosDeUso/DiagramaDeCasosDeUso/GestionFacturas.png Graphic file (type png)
<use Imagenes/ModeladoDeCasosDeUso/DiagramaDeCasosDeUso/GestionFacturas.png>
Package pdftex.def Info: Imagenes/ModeladoDeCasosDeUso/DiagramaDeCasosDeUso/GestionFacturas.png  used on input line 313.
(pdftex.def)             Requested size: 417.10936pt x 263.36092pt.
LaTeX Info: Redefining \. on input line 316.
LaTeX Info: Redefining \% on input line 316.
 [22 <d:/Nicolas/Facultad/Trabajo de graduacion/DocumentacionZMGestion/Informe Final/Imagenes/ModeladoDeCasosDeUso/DiagramaDeCasosDeUso/GestionPresupuestos.png (PNG copy)> <d:/Nicolas/Facultad/Trabajo de graduacion/DocumentacionZMGestion/Informe Final/Imagenes/ModeladoDeCasosDeUso/DiagramaDeCasosDeUso/GestionLineasPresupuesto.png (PNG copy)> <d:/Nicolas/Facultad/Trabajo de graduacion/DocumentacionZMGestion/Informe Final/Imagenes/ModeladoDeCasosDeUso/DiagramaDeCasosDeUso/GestionVentas.png (PNG copy)>]
<Imagenes/ModeladoDeCasosDeUso/DiagramaDeCasosDeUso/GestionRecibos.png, id=355, 853.1875pt x 464.73625pt>
File: Imagenes/ModeladoDeCasosDeUso/DiagramaDeCasosDeUso/GestionRecibos.png Graphic file (type png)
<use Imagenes/ModeladoDeCasosDeUso/DiagramaDeCasosDeUso/GestionRecibos.png>
Package pdftex.def Info: Imagenes/ModeladoDeCasosDeUso/DiagramaDeCasosDeUso/GestionRecibos.png  used on input line 319.
(pdftex.def)             Requested size: 417.1282pt x 227.21217pt.
<Imagenes/ModeladoDeCasosDeUso/DiagramaDeCasosDeUso/GestionNotasCredito.png, id=356, 957.5775pt x 504.88625pt>
File: Imagenes/ModeladoDeCasosDeUso/DiagramaDeCasosDeUso/GestionNotasCredito.png Graphic file (type png)
<use Imagenes/ModeladoDeCasosDeUso/DiagramaDeCasosDeUso/GestionNotasCredito.png>
Package pdftex.def Info: Imagenes/ModeladoDeCasosDeUso/DiagramaDeCasosDeUso/GestionNotasCredito.png  used on input line 325.
(pdftex.def)             Requested size: 417.1127pt x 219.92418pt.
LaTeX Info: Redefining \. on input line 328.
LaTeX Info: Redefining \% on input line 328.
 [23 <d:/Nicolas/Facultad/Trabajo de graduacion/DocumentacionZMGestion/Informe Final/Imagenes/ModeladoDeCasosDeUso/DiagramaDeCasosDeUso/GestionLineasVenta.png (PNG copy)> <d:/Nicolas/Facultad/Trabajo de graduacion/DocumentacionZMGestion/Informe Final/Imagenes/ModeladoDeCasosDeUso/DiagramaDeCasosDeUso/GestionFacturas.png (PNG copy)>]
<Imagenes/ModeladoDeCasosDeUso/DiagramaDeCasosDeUso/GestionRemitos.png, id=363, 853.1875pt x 387.4475pt>
File: Imagenes/ModeladoDeCasosDeUso/DiagramaDeCasosDeUso/GestionRemitos.png Graphic file (type png)
<use Imagenes/ModeladoDeCasosDeUso/DiagramaDeCasosDeUso/GestionRemitos.png>
Package pdftex.def Info: Imagenes/ModeladoDeCasosDeUso/DiagramaDeCasosDeUso/GestionRemitos.png  used on input line 331.
(pdftex.def)             Requested size: 417.1282pt x 189.42526pt.
<Imagenes/ModeladoDeCasosDeUso/DiagramaDeCasosDeUso/GestionOrdenesReposicion.png, id=364, 1188.44pt x 337.26pt>
File: Imagenes/ModeladoDeCasosDeUso/DiagramaDeCasosDeUso/GestionOrdenesReposicion.png Graphic file (type png)
<use Imagenes/ModeladoDeCasosDeUso/DiagramaDeCasosDeUso/GestionOrdenesReposicion.png>
Package pdftex.def Info: Imagenes/ModeladoDeCasosDeUso/DiagramaDeCasosDeUso/GestionOrdenesReposicion.png  used on input line 337.
(pdftex.def)             Requested size: 417.12082pt x 118.37212pt.
LaTeX Info: Redefining \. on input line 340.
LaTeX Info: Redefining \% on input line 340.
 [24 <d:/Nicolas/Facultad/Trabajo de graduacion/DocumentacionZMGestion/Informe Final/Imagenes/ModeladoDeCasosDeUso/DiagramaDeCasosDeUso/GestionRecibos.png (PNG copy)> <d:/Nicolas/Facultad/Trabajo de graduacion/DocumentacionZMGestion/Informe Final/Imagenes/ModeladoDeCasosDeUso/DiagramaDeCasosDeUso/GestionNotasCredito.png (PNG copy)>]
<Imagenes/ModeladoDeCasosDeUso/DiagramaDeCasosDeUso/GestionOrdenesProduccion.png, id=371, 1592.95125pt x 1055.945pt>
File: Imagenes/ModeladoDeCasosDeUso/DiagramaDeCasosDeUso/GestionOrdenesProduccion.png Graphic file (type png)
<use Imagenes/ModeladoDeCasosDeUso/DiagramaDeCasosDeUso/GestionOrdenesProduccion.png>
Package pdftex.def Info: Imagenes/ModeladoDeCasosDeUso/DiagramaDeCasosDeUso/GestionOrdenesProduccion.png  used on input line 343.
(pdftex.def)             Requested size: 417.09863pt x 276.48883pt.
<Imagenes/ModeladoDeCasosDeUso/DiagramaDeCasosDeUso/GestionLineasOrdenesProduccion.png, id=372, 837.1275pt x 890.32625pt>
File: Imagenes/ModeladoDeCasosDeUso/DiagramaDeCasosDeUso/GestionLineasOrdenesProduccion.png Graphic file (type png)
<use Imagenes/ModeladoDeCasosDeUso/DiagramaDeCasosDeUso/GestionLineasOrdenesProduccion.png>
Package pdftex.def Info: Imagenes/ModeladoDeCasosDeUso/DiagramaDeCasosDeUso/GestionLineasOrdenesProduccion.png  used on input line 349.
(pdftex.def)             Requested size: 417.10654pt x 443.61331pt.
<Imagenes/ModeladoDeCasosDeUso/DiagramaDeCasosDeUso/GestionObservaciones.png, id=373, 652.4375pt x 236.885pt>
File: Imagenes/ModeladoDeCasosDeUso/DiagramaDeCasosDeUso/GestionObservaciones.png Graphic file (type png)
<use Imagenes/ModeladoDeCasosDeUso/DiagramaDeCasosDeUso/GestionObservaciones.png>
Package pdftex.def Info: Imagenes/ModeladoDeCasosDeUso/DiagramaDeCasosDeUso/GestionObservaciones.png  used on input line 355.
(pdftex.def)             Requested size: 417.1305pt x 151.45044pt.
LaTeX Info: Redefining \. on input line 358.
LaTeX Info: Redefining \% on input line 358.
 [25 <d:/Nicolas/Facultad/Trabajo de graduacion/DocumentacionZMGestion/Informe Final/Imagenes/ModeladoDeCasosDeUso/DiagramaDeCasosDeUso/GestionRemitos.png (PNG copy)> <d:/Nicolas/Facultad/Trabajo de graduacion/DocumentacionZMGestion/Informe Final/Imagenes/ModeladoDeCasosDeUso/DiagramaDeCasosDeUso/GestionOrdenesReposicion.png (PNG copy)> <d:/Nicolas/Facultad/Trabajo de graduacion/DocumentacionZMGestion/Informe Final/Imagenes/ModeladoDeCasosDeUso/DiagramaDeCasosDeUso/GestionOrdenesProduccion.png (PNG copy)>]
LaTeX Info: Redefining \. on input line 359.
LaTeX Info: Redefining \% on input line 359.
 [26 <d:/Nicolas/Facultad/Trabajo de graduacion/DocumentacionZMGestion/Informe Final/Imagenes/ModeladoDeCasosDeUso/DiagramaDeCasosDeUso/GestionLineasOrdenesProduccion.png (PNG copy)> <d:/Nicolas/Facultad/Trabajo de graduacion/DocumentacionZMGestion/Informe Final/Imagenes/ModeladoDeCasosDeUso/DiagramaDeCasosDeUso/GestionObservaciones.png (PNG copy)>] ("d:/Nicolas\Facultad\Trabajo de graduacion\DocumentacionZMGestion\Informe Final\Capitulos/Capitulo4/CasosUso/Sesiones/iniciarSesion.tex" ("d:/Nicolas\Facultad\Trabajo de graduacion\DocumentacionZMGestion\Informe Final\Capitulos/Capitulo4/CasosUso/generalTable.tex"
Overfull \hbox (37.59996pt too wide) in alignment at lines 2--26
 [] [] [] 
 []


Overfull \hbox (37.59996pt too wide) in alignment at lines 26--32
 [] [] [] 
 []

))))
Package atveryend Info: Empty hook `BeforeClearDocument' on input line 146.
LaTeX Info: Redefining \. on input line 146.
LaTeX Info: Redefining \% on input line 146.
 [27

]
Package atveryend Info: Empty hook `AfterLastShipout' on input line 146.
 ("d:/Nicolas\Facultad\Trabajo de graduacion\DocumentacionZMGestion\Informe Final\Documentacion.aux"
LaTeX Info: Redefining \. on input line 23.
LaTeX Info: Redefining \% on input line 23.
)
Package atveryend Info: Executing hook `AtVeryEndDocument' on input line 146.
Package atveryend Info: Executing hook `AtEndAfterFileList' on input line 146.
Package rerunfilecheck Info: File `Documentacion.out' has not changed.
(rerunfilecheck)             Checksum: 3DF6DBD5458E7616C2E4649BFEE1D83D;4952.
Package atveryend Info: Empty hook `AtVeryVeryEnd' on input line 146.
 ) 
Here is how much of TeX's memory you used:
 13756 strings out of 492895
 208993 string characters out of 3133461
 306733 words of memory out of 3000000
 17299 multiletter control sequences out of 15000+200000
 14917 words of font info for 29 fonts, out of 3000000 for 9000
 1141 hyphenation exceptions out of 8191
 39i,11n,53p,1191b,541s stack positions out of 5000i,500n,10000p,200000b,50000s
 <C:\Users\JuanDomingo\AppData\Local\MiKTeX\2.9\fonts/pk/ljfour/jknappen/ec/dpi600\ecbx1200.pk> <C:\Users\JuanDomingo\AppData\Local\MiKTeX\2.9\fonts/pk/ljfour/jknappen/ec/dpi600\ecbx1440.pk> <C:\Users\JuanDomingo\AppData\Local\MiKTeX\2.9\fonts/pk/ljfour/jknappen/ec/dpi600\ecbx2074.pk> <C:\Users\JuanDomingo\AppData\Local\MiKTeX\2.9\fonts/pk/ljfour/jknappen/ec/dpi600\ecbx1000.pk> <C:\Users\JuanDomingo\AppData\Local\MiKTeX\2.9\fonts/pk/ljfour/jknappen/ec/dpi600\ecbx2488.pk> <C:\Users\JuanDomingo\AppData\Local\MiKTeX\2.9\fonts/pk/ljfour/jknappen/ec/dpi600\ecrm0900.pk> <C:\Users\JuanDomingo\AppData\Local\MiKTeX\2.9\fonts/pk/ljfour/jknappen/ec/dpi600\ecrm1200.pk> <C:\Users\JuanDomingo\AppData\Local\MiKTeX\2.9\fonts/pk/ljfour/jknappen/ec/dpi600\ecrm1000.pk> <C:\Users\JuanDomingo\AppData\Local\MiKTeX\2.9\fonts/pk/ljfour/jknappen/ec/dpi600\eccc2074.pk> <C:\Users\JuanDomingo\AppData\Local\MiKTeX\2.9\fonts/pk/ljfour/jknappen/ec/dpi600\ecrm1728.pk> <C:\Users\JuanDomingo\AppData\Local\MiKTeX\2.9\fonts/pk/ljfour/jknappen/ec/dpi600\eccc1440.pk> <C:\Users\JuanDomingo\AppData\Local\MiKTeX\2.9\fonts/pk/ljfour/jknappen/ec/dpi600\eccc1000.pk><C:/Program Files/MiKTeX 2.9/fonts/type1/public/amsfonts/cm/cmsy10.pfb>
Output written on "d:/Nicolas\Facultad\Trabajo de graduacion\DocumentacionZMGestion\Informe Final\Documentacion.pdf" (27 pages, 1477830 bytes).
PDF statistics:
 864 PDF objects out of 1000 (max. 8388607)
 162 named destinations out of 1000 (max. 500000)
 324 words of extra memory for PDF output out of 10000 (max. 10000000)

