\BOOKMARK [0][-]{chapter*.1}{\376\377\000A\000g\000r\000a\000d\000e\000c\000i\000m\000i\000e\000n\000t\000o\000s}{}% 1
\BOOKMARK [0][-]{chapter*.6}{\376\377\000D\000e\000d\000i\000c\000a\000t\000o\000r\000i\000a\000s}{}% 2
\BOOKMARK [0][-]{chapter.10}{\376\377\000I\000n\000t\000r\000o\000d\000u\000c\000c\000i\000\363\000n}{}% 3
\BOOKMARK [1][-]{section.11}{\376\377\000I\000n\000t\000r\000o\000d\000u\000c\000c\000i\000\363\000n}{chapter.10}% 4
\BOOKMARK [1][-]{section.13}{\376\377\000O\000b\000j\000e\000t\000i\000v\000o\000s}{chapter.10}% 5
\BOOKMARK [2][-]{subsection.14}{\376\377\000G\000e\000n\000e\000r\000a\000l\000e\000s}{section.13}% 6
\BOOKMARK [2][-]{subsection.16}{\376\377\000E\000s\000p\000e\000c\000\355\000f\000i\000c\000o\000s}{section.13}% 7
\BOOKMARK [0][-]{chapter.17}{\376\377\000S\000e\000l\000e\000c\000c\000i\000\363\000n\000\040\000d\000e\000l\000\040\000m\000o\000d\000e\000l\000o\000\040\000d\000e\000\040\000c\000i\000c\000l\000o\000\040\000d\000e\000\040\000v\000i\000d\000a\000\040\000y\000\040\000m\000e\000t\000o\000d\000o\000l\000o\000g\000\355\000a\000\040\000d\000e\000\040\000d\000e\000s\000a\000r\000r\000o\000l\000l\000o\000\040\000d\000e\000\040\000S\000o\000f\000t\000w\000a\000r\000e}{}% 8
\BOOKMARK [1][-]{section.18}{\376\377\000I\000n\000t\000r\000o\000d\000u\000c\000c\000i\000\363\000n}{chapter.17}% 9
\BOOKMARK [1][-]{section.23}{\376\377\000S\000e\000l\000e\000c\000c\000i\000\363\000n\000\040\000d\000e\000\040\000u\000n\000\040\000m\000o\000d\000e\000l\000o\000\040\000d\000e\000\040\000c\000i\000c\000l\000o\000\040\000d\000e\000\040\000v\000i\000d\000a}{chapter.17}% 10
\BOOKMARK [1][-]{section.30}{\376\377\000S\000e\000l\000e\000c\000c\000i\000\363\000n\000\040\000d\000e\000\040\000m\000e\000t\000o\000d\000o\000l\000o\000g\000\355\000a\000\040\000d\000e\000\040\000d\000e\000s\000a\000r\000r\000o\000l\000l\000o\000\040\000d\000e\000\040\000s\000o\000f\000t\000w\000a\000r\000e}{chapter.17}% 11
\BOOKMARK [0][-]{chapter.39}{\376\377\000E\000s\000p\000e\000c\000i\000f\000i\000c\000a\000c\000i\000\363\000n\000\040\000d\000e\000\040\000R\000e\000q\000u\000i\000s\000i\000t\000o\000s\000\040\000C\000o\000m\000p\000l\000e\000m\000e\000n\000t\000a\000r\000i\000o\000s\000\040\000d\000e\000l\000\040\000s\000o\000f\000t\000w\000a\000r\000e\000\040\000\050\000A\000N\000S\000I\000/\000I\000E\000E\000E\000\040\0008\0003\0000\000\051}{}% 12
\BOOKMARK [1][-]{section.40}{\376\377\000A\000n\000\341\000l\000i\000s\000i\000s\000\040\000d\000e\000\040\000r\000e\000q\000u\000i\000s\000i\000t\000o\000s\000\040\000d\000e\000l\000\040\000s\000i\000s\000t\000e\000m\000a}{chapter.39}% 13
\BOOKMARK [2][-]{subsection.42}{\376\377\000I\000d\000e\000n\000t\000i\000f\000i\000c\000a\000c\000i\000\363\000n\000\040\000d\000e\000\040\000l\000o\000s\000\040\000u\000s\000u\000a\000r\000i\000o\000s\000\040\000p\000a\000r\000t\000i\000c\000i\000p\000a\000n\000t\000e\000s}{section.40}% 14
\BOOKMARK [2][-]{subsection.45}{\376\377\000C\000a\000t\000\341\000l\000o\000g\000o\000\040\000d\000e\000\040\000r\000e\000q\000u\000i\000s\000i\000t\000o\000s\000\040\000d\000e\000l\000\040\000s\000i\000s\000t\000e\000m\000a}{section.40}% 15
\BOOKMARK [1][-]{section.106}{\376\377\000S\000u\000p\000o\000s\000i\000c\000i\000o\000n\000e\000s\000\040\000y\000\040\000d\000e\000p\000e\000n\000d\000e\000n\000c\000i\000a\000s}{chapter.39}% 16
\BOOKMARK [1][-]{section.109}{\376\377\000R\000e\000q\000u\000i\000s\000i\000t\000o\000s\000\040\000d\000e\000\040\000u\000s\000u\000a\000r\000i\000o\000\040\000y\000\040\000t\000e\000c\000n\000o\000l\000\363\000g\000i\000c\000o\000s}{chapter.39}% 17
\BOOKMARK [1][-]{section.110}{\376\377\000R\000e\000q\000u\000i\000s\000i\000t\000o\000s\000\040\000d\000e\000\040\000i\000n\000t\000e\000r\000f\000a\000c\000e\000s\000\040\000e\000x\000t\000e\000r\000n\000a\000s}{chapter.39}% 18
\BOOKMARK [1][-]{section.111}{\376\377\000R\000e\000q\000u\000i\000s\000i\000t\000o\000s\000\040\000d\000e\000\040\000r\000e\000n\000d\000i\000m\000i\000e\000n\000t\000o}{chapter.39}% 19
\BOOKMARK [1][-]{section.112}{\376\377\000R\000e\000q\000u\000i\000s\000i\000t\000o\000s\000\040\000d\000e\000\040\000d\000e\000s\000a\000r\000r\000o\000l\000l\000o}{chapter.39}% 20
\BOOKMARK [1][-]{section.113}{\376\377\000R\000e\000s\000t\000r\000i\000c\000c\000i\000o\000n\000e\000s\000\040\000d\000e\000\040\000d\000i\000s\000e\000\361\000o}{chapter.39}% 21
\BOOKMARK [0][-]{chapter.119}{\376\377\000E\000s\000p\000e\000c\000i\000f\000i\000c\000a\000c\000i\000\363\000n\000\040\000C}{}% 22
\BOOKMARK [1][-]{section.120}{\376\377\000M\000o\000d\000e\000l\000i\000z\000a\000c\000i\000\363\000n\000\040\000d\000e\000l\000\040\000s\000i\000s\000t\000e\000m\000a}{chapter.119}% 23
\BOOKMARK [2][-]{subsection.121}{\376\377\000A\000c\000t\000o\000r\000e\000s}{section.120}% 24
\BOOKMARK [2][-]{subsection.123}{\376\377\000D\000i\000a\000g\000r\000a\000m\000a\000\040\000d\000e\000\040\000c\000o\000n\000t\000e\000x\000t\000o}{section.120}% 25
\BOOKMARK [2][-]{subsection.125}{\376\377\000D\000i\000a\000g\000r\000a\000m\000a\000\040\000d\000e\000\040\000s\000u\000b\000s\000i\000s\000t\000e\000m\000a}{section.120}% 26
\BOOKMARK [2][-]{subsection.128}{\376\377\000L\000i\000s\000t\000a\000d\000o\000\040\000d\000e\000\040\000c\000a\000s\000o\000s\000\040\000d\000e\000\040\000u\000s\000o}{section.120}% 27
\BOOKMARK [2][-]{subsection.243}{\376\377\000D\000i\000a\000g\000r\000a\000m\000a\000\040\000d\000e\000\040\000c\000a\000s\000o\000s\000\040\000d\000e\000\040\000u\000s\000o}{section.120}% 28
\BOOKMARK [2][-]{subsection.268}{\376\377\000D\000e\000s\000c\000r\000i\000p\000c\000i\000\363\000n\000\040\000t\000e\000x\000t\000u\000a\000l\000\040\000d\000e\000\040\000l\000o\000s\000\040\000c\000a\000s\000o\000s\000\040\000d\000e\000\040\000u\000s\000o\000\040\000y\000\040\000d\000i\000a\000g\000r\000a\000m\000a\000s\000\040\000d\000e\000\040\000a\000c\000t\000i\000v\000i\000d\000a\000d}{section.120}% 29
\BOOKMARK [2][-]{subsection.530}{\376\377\000D\000i\000a\000g\000r\000a\000m\000a\000\040\000d\000e\000\040\000c\000l\000a\000s\000e\000s}{section.120}% 30
\BOOKMARK [2][-]{subsection.538}{\376\377\000V\000i\000s\000t\000a\000\040\000c\000a\000n\000\363\000n\000i\000c\000a}{section.120}% 31
\BOOKMARK [2][-]{subsection.540}{\376\377\000F\000i\000c\000h\000a\000\040\000t\000\351\000c\000n\000i\000c\000a\000\040\000d\000e\000\040\000c\000l\000a\000s\000e\000s}{section.120}% 32
\BOOKMARK [2][-]{subsection.542}{\376\377\000D\000i\000a\000g\000r\000a\000m\000a\000s\000\040\000d\000e\000\040\000t\000r\000a\000n\000s\000i\000c\000i\000\363\000n\000\040\000d\000e\000\040\000e\000s\000t\000a\000d\000o\000s}{section.120}% 33
\BOOKMARK [2][-]{subsection.550}{\376\377\000D\000i\000a\000g\000r\000a\000m\000a\000s\000\040\000d\000e\000\040\000s\000e\000c\000u\000e\000n\000c\000i\000a}{section.120}% 34
\BOOKMARK [1][-]{section.555}{\376\377\000I\000d\000e\000n\000t\000i\000f\000i\000c\000a\000c\000i\000\363\000n\000\040\000d\000e\000\040\000r\000o\000l\000e\000s\000,\000\040\000s\000u\000s\000\040\000f\000u\000n\000c\000i\000o\000n\000e\000s\000\040\000y\000\040\000r\000e\000s\000t\000r\000i\000c\000c\000i\000o\000n\000e\000s\000:}{chapter.119}% 35
\BOOKMARK [2][-]{subsection.556}{\376\377\000R\000o\000l\000e\000s}{section.555}% 36
\BOOKMARK [2][-]{subsection.557}{\376\377\000F\000u\000n\000c\000i\000o\000n\000e\000s\000\040\000d\000e\000\040\000l\000o\000s\000\040\000u\000s\000u\000a\000r\000i\000o\000s\000\040\000p\000o\000r\000\040\000r\000o\000l}{section.555}% 37
\BOOKMARK [2][-]{subsection.558}{\376\377\000R\000e\000s\000t\000r\000i\000c\000c\000i\000o\000n\000e\000s\000\040\000d\000e\000\040\000d\000a\000t\000o\000s}{section.555}% 38
\BOOKMARK [1][-]{section.559}{\376\377\000G\000u\000i\000o\000n\000e\000s\000\040\000y\000\040\000e\000s\000c\000e\000n\000a\000r\000i\000o\000s}{chapter.119}% 39
\BOOKMARK [2][-]{subsection.560}{\376\377\000D\000i\000a\000g\000r\000a\000m\000a\000\040\000d\000e\000\040\000t\000r\000a\000n\000s\000i\000c\000i\000\363\000n\000\040\000d\000e\000\040\000e\000s\000c\000e\000n\000a\000r\000i\000o\000s}{section.559}% 40
\BOOKMARK [2][-]{subsection.567}{\376\377\000T\000a\000b\000l\000a\000\040\000d\000e\000\040\000t\000r\000a\000n\000s\000i\000c\000i\000\363\000n\000\040\000d\000e\000\040\000e\000s\000c\000e\000n\000a\000r\000i\000o\000s}{section.559}% 41
\BOOKMARK [2][-]{subsection.582}{\376\377\000D\000e\000s\000c\000r\000i\000p\000c\000i\000\363\000n\000\040\000d\000e\000\040\000e\000s\000c\000e\000n\000a\000r\000i\000o\000s}{section.559}% 42
\BOOKMARK [0][-]{chapter.633}{\376\377\000E\000s\000p\000e\000c\000i\000f\000i\000c\000a\000c\000i\000\363\000n\000\040\000D}{}% 43
\BOOKMARK [1][-]{section.634}{\376\377\000A\000r\000q\000u\000i\000t\000e\000c\000t\000u\000r\000a\000\040\000d\000e\000\040\000S\000o\000f\000t\000w\000a\000r\000e\000:}{chapter.633}% 44
\BOOKMARK [2][-]{subsection.635}{\376\377\000M\000V\000C}{section.634}% 45
\BOOKMARK [1][-]{section.637}{\376\377\000D\000i\000s\000e\000\361\000o\000\040\000d\000e\000l\000\040\000m\000o\000d\000e\000l\000o\000\040\000l\000\363\000g\000i\000c\000o\000\040\000y\000\040\000f\000\355\000s\000i\000c\000o\000\040\000d\000e\000\040\000d\000a\000t\000o\000s\000\040\000d\000e\000l\000\040\000s\000i\000s\000t\000e\000m\000a}{chapter.633}% 46
\BOOKMARK [2][-]{subsection.638}{\376\377\000M\000o\000d\000e\000l\000o\000\040\000r\000e\000l\000a\000c\000i\000o\000n\000a\000l}{section.637}% 47
\BOOKMARK [1][-]{section.646}{\376\377\000A\000r\000q\000u\000i\000t\000e\000c\000t\000u\000r\000a\000\040\000f\000\355\000s\000i\000c\000a\000\040\000d\000e\000l\000\040\000s\000i\000s\000t\000e\000m\000a}{chapter.633}% 48
\BOOKMARK [2][-]{subsection.649}{\376\377\000V\000e\000n\000t\000a\000j\000a\000s}{section.646}% 49
\BOOKMARK [2][-]{subsection.650}{\376\377\000D\000e\000s\000v\000e\000n\000t\000a\000j\000a\000s}{section.646}% 50
\BOOKMARK [1][-]{section.651}{\376\377\000D\000i\000a\000g\000r\000a\000m\000a\000\040\000d\000e\000\040\000d\000e\000s\000p\000l\000i\000e\000g\000u\000e}{chapter.633}% 51
\BOOKMARK [1][-]{section.653}{\376\377\000M\000o\000d\000e\000l\000o\000\040\000F\000\355\000s\000i\000c\000o\000\040\000d\000e\000\040\000D\000a\000t\000o\000s}{chapter.633}% 52
\BOOKMARK [0][-]{chapter.1900}{\376\377\000C\000o\000d\000i\000f\000i\000c\000a\000c\000i\000\363\000n}{}% 53
\BOOKMARK [1][-]{section.1901}{\376\377\000E\000l\000e\000c\000c\000i\000\363\000n\000\040\000d\000e\000l\000\040\000l\000e\000n\000g\000u\000a\000j\000e\000\040\000d\000e\000\040\000p\000r\000o\000g\000r\000a\000m\000a\000c\000i\000\363\000n}{chapter.1900}% 54
\BOOKMARK [1][-]{section.1903}{\376\377\000F\000r\000a\000m\000e\000w\000o\000r\000k\000s\000\040\000y\000\040\000l\000i\000b\000r\000e\000r\000\355\000a\000s}{chapter.1900}% 55
\BOOKMARK [1][-]{section.1904}{\376\377\000H\000e\000r\000r\000a\000m\000i\000e\000n\000t\000a\000s\000\040\000d\000e\000\040\000d\000e\000s\000a\000r\000r\000o\000l\000l\000o}{chapter.1900}% 56
\BOOKMARK [1][-]{section.1905}{\376\377\000H\000e\000r\000r\000a\000m\000i\000e\000n\000t\000a\000s\000\040\000d\000e\000\040\000d\000o\000c\000u\000m\000e\000n\000t\000a\000c\000i\000\363\000n}{chapter.1900}% 57
\BOOKMARK [1][-]{section.1906}{\376\377\000C\000\363\000d\000i\000g\000o}{chapter.1900}% 58
\BOOKMARK [0][-]{chapter.1907}{\376\377\000P\000r\000u\000e\000b\000a\000s}{}% 59
\BOOKMARK [1][-]{section.1908}{\376\377\000I\000n\000t\000r\000o\000d\000u\000c\000c\000i\000\363\000n}{chapter.1907}% 60
\BOOKMARK [1][-]{section.1910}{\376\377\000T\000e\000s\000t\000\040\000d\000e\000\040\000u\000n\000i\000d\000a\000d\000e\000s}{chapter.1907}% 61
\BOOKMARK [2][-]{subsection.1911}{\376\377\000P\000r\000u\000e\000b\000a\000s\000\040\000d\000e\000\040\000c\000a\000j\000a\000\040\000b\000l\000a\000n\000c\000a}{section.1910}% 62
\BOOKMARK [1][-]{section.1914}{\376\377\000T\000e\000s\000t\000\040\000d\000e\000\040\000m\000\363\000d\000u\000l\000o\000s}{chapter.1907}% 63
\BOOKMARK [2][-]{subsection.1915}{\376\377\000P\000r\000u\000e\000b\000a\000s\000\040\000d\000e\000\040\000c\000a\000j\000a\000\040\000n\000e\000g\000r\000a}{section.1914}% 64
\BOOKMARK [2][-]{subsection.1917}{\376\377\000P\000r\000u\000e\000b\000a\000\040\000d\000e\000\040\000e\000s\000t\000r\000\351\000s}{section.1914}% 65
\BOOKMARK [1][-]{section.1919}{\376\377\000T\000e\000s\000t\000\040\000d\000e\000\040\000i\000n\000t\000e\000g\000r\000a\000c\000i\000\363\000n}{chapter.1907}% 66
\BOOKMARK [1][-]{section.1920}{\376\377\000T\000e\000s\000t\000\040\000d\000e\000\040\000a\000c\000e\000p\000t\000a\000c\000i\000\363\000n}{chapter.1907}% 67
\BOOKMARK [2][-]{subsection.1921}{\376\377\000P\000r\000u\000e\000b\000a\000s\000\040\000a\000l\000f\000a\000\040\000y\000\040\000b\000e\000t\000a}{section.1920}% 68
\BOOKMARK [0][-]{chapter.1922}{\376\377\000C\000o\000n\000c\000l\000u\000s\000i\000o\000n\000e\000s}{}% 69
\BOOKMARK [1][-]{section.1923}{\376\377\000S\000o\000b\000r\000e\000\040\000e\000l\000\040\000p\000r\000o\000y\000e\000c\000t\000o}{chapter.1922}% 70
\BOOKMARK [1][-]{section.1930}{\376\377\000P\000e\000r\000s\000o\000n\000a\000l\000e\000s}{chapter.1922}% 71
\BOOKMARK [0][-]{chapter.1935}{\376\377\000B\000i\000b\000l\000i\000o\000g\000r\000a\000f\000\355\000a}{}% 72
